<?xml version="1.0" encoding="UTF-8"?>
<testsuite xmlns:xsi="http://www.w3.org/2001/XMLSchema-instance" xsi:noNamespaceSchemaLocation="https://maven.apache.org/surefire/maven-surefire-plugin/xsd/surefire-test-report.xsd" name="StepDefinitions.TestRunner" time="57.956" tests="1" errors="1" skipped="0" failures="0">
  <properties>
[...]
</properties>
  <testcase name="Consultar un área funcional con información básica (PDS-1271)" classname="AreasFuncionales" time="56.27">
    <error message="no such element: Unable to locate element: {&quot;method&quot;:&quot;xpath&quot;,&quot;selector&quot;:&quot;//a[contains(text(),&apos;CatÃ¡logo&apos;)]&quot;}&#10;  (Session info: chrome=93.0.4577.82)&#10;For documentation on this error, please visit: http://seleniumhq.org/exceptions/no_such_element.html&#10;Build info: version: &apos;3.11.0&apos;, revision: &apos;e59cfb3&apos;, time: &apos;2018-03-11T20:26:55.152Z&apos;&#10;System info: host: &apos;DESA-TESTER&apos;, ip: &apos;192.168.1.24&apos;, os.name: &apos;Windows 10&apos;, os.arch: &apos;amd64&apos;, os.version: &apos;10.0&apos;, java.version: &apos;1.8.0_181&apos;&#10;Driver info: org.openqa.selenium.chrome.ChromeDriver&#10;Capabilities {acceptInsecureCerts: false, browserName: chrome, browserVersion: 93.0.4577.82, chrome: {chromedriverVersion: 93.0.4577.63 (ff5c0da2ec0ad..., userDataDir: C:\Users\SBARAH~1\AppData\L...}, goog:chromeOptions: {debuggerAddress: localhost:1028}, javascriptEnabled: true, networkConnectionEnabled: false, pageLoadStrategy: normal, platform: WINDOWS, platformName: WINDOWS, proxy: Proxy(), setWindowRect: true, strictFileInteractability: false, timeouts: {implicit: 0, pageLoad: 300000, script: 30000}, unhandledPromptBehavior: dismiss and notify, webauthn:extension:credBlob: true, webauthn:extension:largeBlob: true, webauthn:virtualAuthenticators: true}&#10;Session ID: f8cc7e33aa772bdb5a00929270143a99&#10;*** Element info: {Using=xpath, value=//a[contains(text(),&apos;CatÃ¡logo&apos;)]}" type="org.openqa.selenium.NoSuchElementException">org.openqa.selenium.NoSuchElementException: 
no such element: Unable to locate element: {"method":"xpath","selector":"//a[contains(text(),'CatÃ¡logo')]"}
  (Session info: chrome=93.0.4577.82)
For documentation on this error, please visit: http://seleniumhq.org/exceptions/no_such_element.html
Build info: version: '3.11.0', revision: 'e59cfb3', time: '2018-03-11T20:26:55.152Z'
System info: host: 'DESA-TESTER', ip: '192.168.1.24', os.name: 'Windows 10', os.arch: 'amd64', os.version: '10.0', java.version: '1.8.0_181'
Driver info: org.openqa.selenium.chrome.ChromeDriver
Capabilities {acceptInsecureCerts: false, browserName: chrome, browserVersion: 93.0.4577.82, chrome: {chromedriverVersion: 93.0.4577.63 (ff5c0da2ec0ad..., userDataDir: C:\Users\SBARAH~1\AppData\L...}, goog:chromeOptions: {debuggerAddress: localhost:1028}, javascriptEnabled: true, networkConnectionEnabled: false, pageLoadStrategy: normal, platform: WINDOWS, platformName: WINDOWS, proxy: Proxy(), setWindowRect: true, strictFileInteractability: false, timeouts: {implicit: 0, pageLoad: 300000, script: 30000}, unhandledPromptBehavior: dismiss and notify, webauthn:extension:credBlob: true, webauthn:extension:largeBlob: true, webauthn:virtualAuthenticators: true}
Session ID: f8cc7e33aa772bdb5a00929270143a99
*** Element info: {Using=xpath, value=//a[contains(text(),'CatÃ¡logo')]}
</error>
    <system-out><![CDATA[2021-09-16 16:45:16 INFO  Hooks:33 - ***********************************************************************************************************
2021-09-16 16:45:16 INFO  Hooks:34 - [ Configuration ] - Inicia configuracion del driver
2021-09-16 16:45:16 INFO  Hooks:35 - ***********************************************************************************************************
2021-09-16 16:45:16 INFO  CreateDriver:45 - ***********************************************************************************************************
2021-09-16 16:45:16 INFO  CreateDriver:46 - [ POM Configuration ] - Read the basic properties configuration from: test.properties
2021-09-16 16:45:16 INFO  CreateDriver:57 - [ POM Configuration ] - Browser: CHROME
2021-09-16 16:45:16 INFO  CreateDriver:58 - [ POM Configuration ] - Modo Headless: no
2021-09-16 16:45:16 INFO  CreateDriver:59 - [ POM Configuration ] - Logger Level: INFO
2021-09-16 16:45:16 INFO  CreateDriver:60 - ***********************************************************************************************************
2021-09-16 16:45:20 INFO  Hooks:38 - ***********************************************************************************************************
2021-09-16 16:45:20 INFO  Hooks:39 - [ Escenario ] - Consultar un área funcional con información básica (PDS-1271)
2021-09-16 16:45:20 INFO  Hooks:40 - ***********************************************************************************************************
2021-09-16 16:45:20 INFO  StepDefinitions:29 - Cargando URL: https://servidoraplicacion01.eastus2.cloudapp.azure.com/Evolution/
2021-09-16 16:45:23 INFO  StepDefinitions:91 - initialize file: Login.json
2021-09-16 16:45:23 INFO  SeleniumFunctions:75 - {"GetFieldBy":"Name","ValueToFind":"txtUsername"}
2021-09-16 16:45:23 INFO  SeleniumFunctions:263 - Al elemento Usuario se le pone este texto auditoria
2021-09-16 16:45:23 INFO  SeleniumFunctions:75 - {"GetFieldBy":"Name","ValueToFind":"txtPassword"}
2021-09-16 16:45:24 INFO  SeleniumFunctions:263 - Al elemento Contrasenia se le pone este texto auditoria
2021-09-16 16:45:24 INFO  SeleniumFunctions:75 - {"GetFieldBy":"Name","ValueToFind":"btnIniciarSesion"}
2021-09-16 16:45:54 INFO  SeleniumFunctions:289 - Click al elemento: BotonIniciarSesion
2021-09-16 16:45:54 INFO  SeleniumFunctions:256 - Iniciando sesion con usuario auditoria
2021-09-16 16:45:54 INFO  StepDefinitions:91 - initialize file: AreasFuncionales.json
2021-09-16 16:45:54 INFO  SeleniumFunctions:75 - {"GetFieldBy":"Xpath","ValueToFind":"\/html[1]\/body[1]\/div[1]\/div[2]\/div[2]\/a[2]"}
2021-09-16 16:46:00 INFO  SeleniumFunctions:389 - Click al elemento: Organizacion
2021-09-16 16:46:00 INFO  SeleniumFunctions:75 - {"GetFieldBy":"Xpath","ValueToFind":"\/html[1]\/body[1]\/div[1]\/div[4]\/div[2]\/div[2]\/table[1]\/tbody[1]\/tr[1]\/td[1]\/div[1]\/div[2]\/h2[1]\/a[1]"}
2021-09-16 16:46:10 INFO  SeleniumFunctions:389 - Click al elemento: EstructuraOrganizativa
2021-09-16 16:46:10 INFO  SeleniumFunctions:75 - {"GetFieldBy":"Xpath","ValueToFind":"\/\/a[contains(text(),'CatÃ¡logo')]"}
2021-09-16 16:46:11 INFO  Hooks:61 - ***********************************************************************************************************
2021-09-16 16:46:11 INFO  Hooks:62 - [ Driver Status ] - Cerrando instancia del webdriver
2021-09-16 16:46:11 INFO  Hooks:63 - ***********************************************************************************************************
]]></system-out>
    <system-err><![CDATA[SLF4J: Failed to load class "org.slf4j.impl.StaticLoggerBinder".
SLF4J: Defaulting to no-operation (NOP) logger implementation
SLF4J: See http://www.slf4j.org/codes.html#StaticLoggerBinder for further details.
Starting ChromeDriver 93.0.4577.63 (ff5c0da2ec0adeaed5550e6c7e98417dac77d98a-refs/branch-heads/4577@{#1135}) on port 12698
Only local connections are allowed.
Please see https://chromedriver.chromium.org/security-considerations for suggestions on keeping ChromeDriver safe.
ChromeDriver was started successfully.
sep 16, 2021 4:45:19 PM org.openqa.selenium.remote.ProtocolHandshake createSession
INFORMACIÓN: Detected dialect: W3C
]]></system-err>
  </testcase>
</testsuite>